[debug] [2024-05-26T12:18:18.913Z] ----------------------------------------------------------------------
[debug] [2024-05-26T12:18:18.915Z] Command:       C:\Program Files\nodejs\node.exe C:\Users\apoor\AppData\Roaming\npm\node_modules\firebase-tools\lib\bin\firebase.js init
[debug] [2024-05-26T12:18:18.915Z] CLI Version:   13.10.1
[debug] [2024-05-26T12:18:18.915Z] Platform:      win32
[debug] [2024-05-26T12:18:18.915Z] Node Version:  v20.10.0
[debug] [2024-05-26T12:18:18.915Z] Time:          Sun May 26 2024 17:48:18 GMT+0530 (India Standard Time)
[debug] [2024-05-26T12:18:18.915Z] ----------------------------------------------------------------------
[debug] 
[debug] [2024-05-26T12:18:18.920Z] > command requires scopes: ["email","openid","https://www.googleapis.com/auth/cloudplatformprojects.readonly","https://www.googleapis.com/auth/firebase","https://www.googleapis.com/auth/cloud-platform"]
[debug] [2024-05-26T12:18:18.920Z] > authorizing via signed-in user (apoorvakesarwani001@gmail.com)
[info] 
     ######## #### ########  ######## ########     ###     ######  ########
     ##        ##  ##     ## ##       ##     ##  ##   ##  ##       ##
     ######    ##  ########  ######   ########  #########  ######  ######
     ##        ##  ##    ##  ##       ##     ## ##     ##       ## ##
     ##       #### ##     ## ######## ########  ##     ##  ######  ########

You're about to initialize a Firebase project in this directory:

  D:\Users\apoor\Dropbox\PC\MERN PROJECTS\online-resume-builder

[info] 
=== Project Setup
[info] 
[info] First, let's associate this project directory with a Firebase project.
[info] You can create multiple project aliases by running firebase use --add, 
[info] but for now we'll just set up a default project.
[info] 
[debug] [2024-05-26T12:18:35.250Z] >>> [apiv2][query] GET https://firebase.googleapis.com/v1beta1/projects pageSize=100
[debug] [2024-05-26T12:18:36.040Z] <<< [apiv2][status] GET https://firebase.googleapis.com/v1beta1/projects 200
[debug] [2024-05-26T12:18:36.041Z] <<< [apiv2][body] GET https://firebase.googleapis.com/v1beta1/projects [omitted]
